<?xml version="1.0" encoding="UTF-8"?>
<!-- Generated by org.testng.reporters.JUnitReportReporter -->
<testsuite hostname="MD_TOUFIQUE" failures="0" tests="1" name="tests.TC_VerifyLoginWithBlankEmailAndPassword" time="3.058" errors="0" timestamp="2025-07-18T04:36:35 IST" skipped="0">
  <testcase classname="tests.TC_VerifyLoginWithBlankEmailAndPassword" name="VerifyLoginWithBlankEmailAndPassword" time="3.058"/>
</testsuite> <!-- tests.TC_VerifyLoginWithBlankEmailAndPassword -->
