<?xml version="1.0" encoding="UTF-8"?>
<!-- Generated by org.testng.reporters.JUnitReportReporter -->
<testsuite hostname="MD_TOUFIQUE" failures="0" tests="1" name="tests.TC_SignUpWithExistEmail" time="8.019" errors="0" timestamp="2025-07-17T23:45:44 IST" skipped="0">
  <testcase classname="tests.TC_SignUpWithExistEmail" name="signUpWithExsistEmail" time="8.019"/>
</testsuite> <!-- tests.TC_SignUpWithExistEmail -->
