<?xml version="1.0" encoding="UTF-8"?>
<!-- Generated by org.testng.reporters.JUnitReportReporter -->
<testsuite hostname="MD_TOUFIQUE" failures="0" tests="1" name="tests.TC_VerifySignoutAfterLogin" time="8.244" errors="0" timestamp="2025-07-18T05:32:21 IST" skipped="0">
  <testcase classname="tests.TC_VerifySignoutAfterLogin" name="VerifySignoutAfterLogin" time="8.244"/>
</testsuite> <!-- tests.TC_VerifySignoutAfterLogin -->
