<?xml version="1.0" encoding="UTF-8"?>
<!-- Generated by org.testng.reporters.JUnitReportReporter -->
<testsuite hostname="MD_TOUFIQUE" failures="0" tests="1" name="tests.TC_VerifyLoginWithUnregisterEmail" time="5.823" errors="0" timestamp="2025-07-18T04:28:02 IST" skipped="0">
  <testcase classname="tests.TC_VerifyLoginWithUnregisterEmail" name="VerifyWithUnregisterEmail" time="5.823"/>
</testsuite> <!-- tests.TC_VerifyLoginWithUnregisterEmail -->
