<?xml version="1.0" encoding="UTF-8"?>
<!-- Generated by org.testng.reporters.JUnitReportReporter -->
<testsuite hostname="MD_TOUFIQUE" failures="0" tests="1" name="tests.TC_VerifyLoginWithBlankEmailAndPassword" time="4.243" errors="0" timestamp="2025-07-18T16:23:50 IST" skipped="0">
  <testcase classname="tests.TC_VerifyLoginWithBlankEmailAndPassword" name="VerifyLoginWithBlankEmailAndPassword" time="4.243"/>
</testsuite> <!-- tests.TC_VerifyLoginWithBlankEmailAndPassword -->
