<?xml version="1.0" encoding="UTF-8"?>
<!-- Generated by org.testng.reporters.JUnitReportReporter -->
<testsuite hostname="MD_TOUFIQUE" failures="0" tests="1" name="tests.VerifyLoin" time="5.852" errors="0" timestamp="2025-07-18T03:11:50 IST" skipped="0">
  <testcase classname="tests.VerifyLoin" name="LoginWithValidCredentials" time="5.852"/>
</testsuite> <!-- tests.VerifyLoin -->
