<?xml version="1.0" encoding="UTF-8"?>
<!-- Generated by org.testng.reporters.JUnitReportReporter -->
<testsuite hostname="MD_TOUFIQUE" failures="0" tests="1" name="tests.TC_SignUpWithExistEmail" time="12.472" errors="0" timestamp="2025-07-18T01:32:02 IST" skipped="0">
  <testcase classname="tests.TC_SignUpWithExistEmail" name="signUpWithExsistEmail" time="12.472"/>
</testsuite> <!-- tests.TC_SignUpWithExistEmail -->
