<?xml version="1.0" encoding="UTF-8"?>
<!-- Generated by org.testng.reporters.JUnitReportReporter -->
<testsuite hostname="MD_TOUFIQUE" failures="0" tests="1" name="tests.CreateAccountWithEmptyFields" time="2.261" errors="0" timestamp="2025-07-17T23:32:21 IST" skipped="0">
  <testcase classname="tests.CreateAccountWithEmptyFields" name="createAccountWithEmptyFileds" time="2.261"/>
</testsuite> <!-- tests.CreateAccountWithEmptyFields -->
