<?xml version="1.0" encoding="UTF-8"?>
<!-- Generated by org.testng.reporters.JUnitReportReporter -->
<testsuite hostname="MD_TOUFIQUE" failures="0" tests="1" name="tests.TC_VerifyLoginEmailFiledInvalidFormat" time="1.544" errors="0" timestamp="2025-07-18T04:53:25 IST" skipped="0">
  <testcase classname="tests.TC_VerifyLoginEmailFiledInvalidFormat" name="VerifyLogEmailFiledInvalidFormat" time="1.544"/>
</testsuite> <!-- tests.TC_VerifyLoginEmailFiledInvalidFormat -->
