<?xml version="1.0" encoding="UTF-8"?>
<!-- Generated by org.testng.reporters.JUnitReportReporter -->
<testsuite hostname="MD_TOUFIQUE" failures="0" tests="1" name="tests.TC_LoginWithValidEmailAndInvalidPassword" time="3.980" errors="0" timestamp="2025-07-18T16:23:49 IST" skipped="0">
  <testcase classname="tests.TC_LoginWithValidEmailAndInvalidPassword" name="loginWithValidEmailAndInvalidPassword" time="3.980"/>
</testsuite> <!-- tests.TC_LoginWithValidEmailAndInvalidPassword -->
